[2026-03-27 07:00:01] Starting morning briefing...
[2026-03-27 07:00:01] Fetching calendar events...
[2026-03-27 07:00:01] Checking urgent messages...
[2026-03-27 07:00:01] Fetching weather...
[2026-03-27 07:00:01] Reading yesterday's priorities...
[2026-03-27 07:00:01] Sending briefing to Telegram...
[2026-03-27 07:00:01] Briefing ready: 355 bytes
[2026-03-27 07:00:01] Briefing complete
[2026-03-27 09:05:40] Starting morning briefing...
[2026-03-27 09:05:40] Fetching calendar events...
[2026-03-27 09:05:40] Checking urgent messages...
[2026-03-27 09:05:40] Fetching weather...
[2026-03-27 09:05:40] Reading yesterday's priorities...
[2026-03-27 09:05:40] Sending briefing to Telegram...
[2026-03-27 09:05:40] Briefing ready: 94 bytes
[2026-03-27 09:05:40] Briefing complete
[2026-03-29 07:00:01] Starting morning briefing...
[2026-03-29 07:00:01] Fetching calendar events...
[2026-03-29 07:00:01] Checking urgent messages...
[2026-03-29 07:00:01] Fetching weather...
[2026-03-29 07:00:01] Reading yesterday's priorities...
[2026-03-29 07:00:01] Sending briefing to Telegram...
[2026-03-30 07:00:01] Starting morning briefing...
[2026-03-30 07:00:01] Fetching calendar events...
[2026-03-30 07:00:01] Checking urgent messages...
[2026-03-30 07:00:01] Fetching weather...
[2026-03-30 07:00:01] Reading yesterday's priorities...
[2026-03-30 07:00:01] Sending briefing to Telegram...
[2026-03-31 07:00:01] Starting morning briefing...
[2026-03-31 07:00:01] Fetching calendar events...
[2026-03-31 07:00:01] Checking urgent messages...
[2026-03-31 07:00:01] Fetching weather...
[2026-03-31 07:00:01] Reading yesterday's priorities...
[2026-03-31 07:00:01] Sending briefing to Telegram...
[2026-04-01 07:00:01] Starting morning briefing...
[2026-04-01 07:00:01] Fetching calendar events...
[2026-04-01 07:00:01] Checking urgent messages...
[2026-04-01 07:00:01] Fetching weather...
[2026-04-01 07:00:01] Reading yesterday's priorities...
[2026-04-01 07:00:01] Sending briefing to Telegram...
[2026-04-02 07:00:01] Starting morning briefing...
[2026-04-02 07:00:01] Fetching calendar events...
[2026-04-02 07:00:01] Checking urgent messages...
[2026-04-02 07:00:01] Fetching weather...
[2026-04-02 07:00:01] Reading yesterday's priorities...
[2026-04-02 07:00:01] Sending briefing to Telegram...
