[2026-04-07 04:30:56] Starting weekly report...
[2026-04-07 04:30:56] Report saved: /home/sefa/.openclaw/workspace/reports/weekly-2026-04-07.txt (4.0K)
Gateway agent failed; falling back to embedded: Error: Pass --to <E.164>, --session-id, or --agent to choose a session
Error: Pass --to <E.164>, --session-id, or --agent to choose a session
[2026-04-07 04:30:56] Report sent to Telegram.
[2026-04-07 04:30:56] Weekly report complete.
[2026-04-07 04:31:48] Starting weekly report...
[2026-04-07 04:31:48] Report saved: /home/sefa/.openclaw/workspace/reports/weekly-2026-04-07.txt (4.0K)
Gateway agent failed; falling back to embedded: Error: Pass --to <E.164>, --session-id, or --agent to choose a session
Error: Pass --to <E.164>, --session-id, or --agent to choose a session
[2026-04-07 04:31:48] Report sent to Telegram.
[2026-04-07 04:31:48] Weekly report complete.
[2026-04-07 04:32:41] Starting weekly report...
[2026-04-07 04:32:41] Report saved: /home/sefa/.openclaw/workspace/reports/weekly-2026-04-07.txt (4.0K)
Gateway agent failed; falling back to embedded: Error: Pass --to <E.164>, --session-id, or --agent to choose a session
Error: Pass --to <E.164>, --session-id, or --agent to choose a session
[2026-04-07 04:32:41] Report sent to Telegram.
[2026-04-07 04:32:41] Weekly report complete.
[2026-04-07 04:33:33] Starting weekly report...
[2026-04-07 04:33:33] Report saved: /home/sefa/.openclaw/workspace/reports/weekly-2026-04-07.txt (4.0K)
Gateway agent failed; falling back to embedded: Error: Pass --to <E.164>, --session-id, or --agent to choose a session
Error: Pass --to <E.164>, --session-id, or --agent to choose a session
[2026-04-07 04:33:33] Report sent to Telegram.
[2026-04-07 04:33:33] Weekly report complete.
[2026-04-07 04:34:27] Starting weekly report...
[2026-04-07 04:34:27] Report saved: /home/sefa/.openclaw/workspace/reports/weekly-2026-04-07.txt (4.0K)
Gateway agent failed; falling back to embedded: Error: Pass --to <E.164>, --session-id, or --agent to choose a session
Error: Pass --to <E.164>, --session-id, or --agent to choose a session
[2026-04-07 04:34:27] Report sent to Telegram.
[2026-04-07 04:34:27] Weekly report complete.
